[debug] [2024-05-10T08:44:34.042Z] ----------------------------------------------------------------------
[debug] [2024-05-10T08:44:34.045Z] Command:       C:\Program Files\nodejs\node.exe C:\Program Files\nodejs\node_modules\firebase-tools\lib\bin\firebase.js init
[debug] [2024-05-10T08:44:34.045Z] CLI Version:   13.8.2
[debug] [2024-05-10T08:44:34.046Z] Platform:      win32
[debug] [2024-05-10T08:44:34.046Z] Node Version:  v18.14.0
[debug] [2024-05-10T08:44:34.054Z] Time:          Fri May 10 2024 14:14:34 GMT+0530 (India Standard Time)
[debug] [2024-05-10T08:44:34.054Z] ----------------------------------------------------------------------
[debug] 
[debug] [2024-05-10T08:44:34.078Z] > command requires scopes: ["email","openid","https://www.googleapis.com/auth/cloudplatformprojects.readonly","https://www.googleapis.com/auth/firebase","https://www.googleapis.com/auth/cloud-platform"]
[debug] [2024-05-10T08:44:34.079Z] > authorizing via signed-in user (mihirnegi.14@gmail.com)
[info] 
     ######## #### ########  ######## ########     ###     ######  ########
     ##        ##  ##     ## ##       ##     ##  ##   ##  ##       ##
     ######    ##  ########  ######   ########  #########  ######  ######
     ##        ##  ##    ##  ##       ##     ## ##     ##       ## ##
     ##       #### ##     ## ######## ########  ##     ##  ######  ########

You're about to initialize a Firebase project in this directory:

  C:\repositories\webrtc\server

Before we get started, keep in mind:

  * You are currently outside your home directory

[info] 
=== Project Setup
[info] 
[info] First, let's associate this project directory with a Firebase project.
[info] You can create multiple project aliases by running firebase use --add, 
[info] but for now we'll just set up a default project.
[info] 
[info] i  If you want to create a project in a Google Cloud organization or folder, please use "firebase projects:create" instead, and return to this command when you've created the project. 
[debug] [2024-05-10T08:47:32.652Z] >>> [apiv2][query] POST https://cloudresourcemanager.googleapis.com/v1/projects [none]
[debug] [2024-05-10T08:47:32.653Z] >>> [apiv2][body] POST https://cloudresourcemanager.googleapis.com/v1/projects {"projectId":"mihirbackendapp","name":"mihirbackendapp"}
[debug] [2024-05-10T08:47:35.383Z] <<< [apiv2][status] POST https://cloudresourcemanager.googleapis.com/v1/projects 200
[debug] [2024-05-10T08:47:35.384Z] <<< [apiv2][body] POST https://cloudresourcemanager.googleapis.com/v1/projects {"name":"operations/cp.5519900463061949016"}
[debug] [2024-05-10T08:47:35.392Z] >>> [apiv2][query] GET https://cloudresourcemanager.googleapis.com/v1/operations/cp.5519900463061949016 [none]
[debug] [2024-05-10T08:47:37.411Z] <<< [apiv2][status] GET https://cloudresourcemanager.googleapis.com/v1/operations/cp.5519900463061949016 200
[debug] [2024-05-10T08:47:37.412Z] <<< [apiv2][body] GET https://cloudresourcemanager.googleapis.com/v1/operations/cp.5519900463061949016 {"name":"operations/cp.5519900463061949016","metadata":{"@type":"type.googleapis.com/google.cloudresourcemanager.v1.ProjectCreationStatus","ready":true},"done":true,"error":{"code":9,"message":"Callers must accept Terms of Service","details":[{"@type":"type.googleapis.com/google.rpc.PreconditionFailure","violations":[{"type":"TOS","subject":"cloud","description":"Callers must accept Terms of Service"}]}]}}
[debug] [2024-05-10T08:47:37.725Z] FirebaseError: Callers must accept Terms of Service
    at OperationPoller.poll (C:\Users\Mihir.Negi\AppData\Roaming\nvm\v18.14.0\node_modules\firebase-tools\lib\operation-poller.js:24:19)
    at process.processTicksAndRejections (node:internal/process/task_queues:95:5)
    at async createCloudProject (C:\Users\Mihir.Negi\AppData\Roaming\nvm\v18.14.0\node_modules\firebase-tools\lib\management\projects.js:186:29)
    at async createFirebaseProjectAndLog (C:\Users\Mihir.Negi\AppData\Roaming\nvm\v18.14.0\node_modules\firebase-tools\lib\management\projects.js:45:9)
    at async promptAndCreateNewProject (C:\Users\Mihir.Negi\AppData\Roaming\nvm\v18.14.0\node_modules\firebase-tools\lib\init\features\project.js:32:12)
    at async doSetup (C:\Users\Mihir.Negi\AppData\Roaming\nvm\v18.14.0\node_modules\firebase-tools\lib\init\features\project.js:88:27)
    at async init (C:\Users\Mihir.Negi\AppData\Roaming\nvm\v18.14.0\node_modules\firebase-tools\lib\init\index.js:39:9)
[error] 
[error] Error: Failed to create project. See firebase-debug.log for more info.
